<?xml version="1.0" encoding="UTF-8"?>
<testsuite name="com.example.AppTest" tests="1" skipped="0" failures="0" errors="0" timestamp="2025-08-07T17:30:06" hostname="LABPC" time="0.091">
  <properties/>
  <testcase name="testGreeting()" classname="com.example.AppTest" time="0.091"/>
  <system-out><![CDATA[]]></system-out>
  <system-err><![CDATA[]]></system-err>
</testsuite>
